2025-06-02 15:01:15,925 - INFO - Khởi động ứng dụng
2025-06-02 15:01:15,944 - INFO - Đã tải dữ liệu thành công
2025-06-02 15:01:16,766 - ERROR - Lỗi không mong muốn: 'LibraryManagementSystem' object has no attribute 'show_add_book_window'
Traceback (most recent call last):
  File "D:\Library_Management_System\main.py", line 12, in <module>
    app = gui.LibraryManagementSystem(root)
          ^^^^^^^^^^^^^^^^^^^^^^^^^^^^^^^^^
  File "D:\Library_Management_System\gui.py", line 37, in __init__
    self.setup_book_tab()
  File "D:\Library_Management_System\gui.py", line 47, in setup_book_tab
    command=self.show_add_book_window).pack(side=tk.LEFT, padx=5)
            ^^^^^^^^^^^^^^^^^^^^^^^^^
AttributeError: 'LibraryManagementSystem' object has no attribute 'show_add_book_window'. Did you mean: 'show_search_book_window'?
2025-06-02 15:03:05,347 - INFO - Khởi động ứng dụng
2025-06-02 15:03:05,353 - INFO - Đã tải dữ liệu thành công
2025-06-02 15:03:05,532 - ERROR - Lỗi không mong muốn: 'LibraryManagementSystem' object has no attribute 'show_add_book_window'
Traceback (most recent call last):
  File "D:\Library_Management_System\main.py", line 13, in <module>
    app = gui.LibraryManagementSystem(root)
          ^^^^^^^^^^^^^^^^^^^^^^^^^^^^^^^^^
  File "D:\Library_Management_System\gui.py", line 37, in __init__
    self.setup_book_tab()
  File "D:\Library_Management_System\gui.py", line 47, in setup_book_tab
    command=self.show_add_book_window).pack(side=tk.LEFT, padx=5)
            ^^^^^^^^^^^^^^^^^^^^^^^^^
AttributeError: 'LibraryManagementSystem' object has no attribute 'show_add_book_window'. Did you mean: 'show_search_book_window'?
2025-06-02 15:05:17,899 - INFO - Khởi động ứng dụng
2025-06-02 15:05:17,903 - INFO - Đã tải dữ liệu thành công
2025-06-02 15:05:35,581 - INFO - Mở cửa sổ thêm sách mới
2025-06-02 15:05:53,472 - INFO - Đã lưu sách mới
2025-06-02 15:05:59,222 - INFO - Mở cửa sổ thêm sách mới
2025-06-02 15:06:24,737 - INFO - Đã lưu sách mới
2025-06-02 15:06:26,755 - INFO - Mở cửa sổ thêm sách mới
2025-06-02 15:06:33,341 - INFO - Mở cửa sổ tìm kiếm sách
2025-06-02 15:06:46,487 - INFO - Mở cửa sổ thêm bạn đọc mới
2025-06-02 15:07:02,795 - INFO - Thêm bạn đọc mới thành công: 1
2025-06-02 15:07:10,523 - INFO - Mở cửa sổ cập nhật sách
2025-06-02 15:07:10,523 - WARNING - Không có sách nào được chọn để cập nhật
2025-06-02 15:07:13,673 - INFO - Mở cửa sổ cập nhật sách
2025-06-02 15:07:13,674 - WARNING - Không có sách nào được chọn để cập nhật
2025-06-02 15:07:16,847 - INFO - Mở cửa sổ tìm kiếm sách
2025-06-02 15:07:20,061 - INFO - Mở cửa sổ thêm sách mới
2025-06-02 15:07:31,429 - INFO - Đã lưu sách mới
2025-06-02 15:07:34,187 - INFO - Đã lưu dữ liệu và kết thúc ứng dụng
2025-06-02 15:11:10,459 - INFO - Khởi động ứng dụng
2025-06-02 15:11:10,460 - INFO - Đã tải dữ liệu thành công
2025-06-02 15:11:12,943 - INFO - Mở cửa sổ thêm sách mới
2025-06-02 15:11:18,404 - INFO - Đã lưu dữ liệu và kết thúc ứng dụng
2025-06-02 15:11:36,656 - INFO - Khởi động ứng dụng
2025-06-02 15:11:36,664 - INFO - Đã tải dữ liệu thành công
2025-06-02 15:11:38,645 - INFO - Mở cửa sổ thêm sách mới
2025-06-02 15:11:54,408 - INFO - Đã lưu sách mới
2025-06-02 15:12:14,828 - INFO - Đã lưu dữ liệu và kết thúc ứng dụng
2025-06-02 15:25:08,891 - INFO - Khởi động ứng dụng
2025-06-02 15:25:08,893 - INFO - Đã tải dữ liệu thành công
2025-06-02 15:25:22,022 - INFO - Đã lưu dữ liệu và kết thúc ứng dụng
2025-06-02 15:25:42,945 - INFO - Khởi động ứng dụng
2025-06-02 15:25:42,947 - INFO - Đã tải dữ liệu thành công
2025-06-02 15:31:42,634 - INFO - Mở cửa sổ mượn sách
2025-06-02 15:46:55,543 - INFO - Đã lưu dữ liệu và kết thúc ứng dụng
2025-06-02 23:19:47,478 - INFO - Khởi động ứng dụng
2025-06-02 23:19:47,481 - INFO - Đã tải dữ liệu thành công
2025-06-02 23:19:51,521 - INFO - Đã lưu dữ liệu và kết thúc ứng dụng
2025-06-02 23:45:13,836 - INFO - Khởi động ứng dụng
2025-06-02 23:45:13,838 - INFO - Đã tải dữ liệu thành công
2025-06-02 23:45:18,693 - INFO - Mở cửa sổ thêm sách mới
2025-06-02 23:45:54,368 - INFO - Đã lưu dữ liệu và kết thúc ứng dụng
2025-06-02 23:45:58,822 - INFO - Khởi động ứng dụng
2025-06-02 23:45:58,824 - INFO - Đã tải dữ liệu thành công
2025-06-02 23:46:03,280 - INFO - Đã lưu dữ liệu và kết thúc ứng dụng
2025-06-02 23:46:12,975 - INFO - Khởi động ứng dụng
2025-06-02 23:46:12,976 - INFO - Đã tải dữ liệu thành công
2025-06-02 23:46:28,650 - INFO - Đã lưu dữ liệu và kết thúc ứng dụng
2025-06-02 23:46:34,269 - INFO - Khởi động ứng dụng
2025-06-02 23:46:34,271 - INFO - Đã tải dữ liệu thành công
2025-06-02 23:49:07,884 - INFO - Mở cửa sổ thêm sách mới
2025-06-02 23:49:10,766 - INFO - Đã lưu dữ liệu và kết thúc ứng dụng
2025-06-02 23:49:15,403 - INFO - Khởi động ứng dụng
2025-06-02 23:49:15,404 - INFO - Đã tải dữ liệu thành công
2025-06-02 23:49:17,141 - INFO - Mở cửa sổ thêm sách mới
2025-06-02 23:49:44,611 - INFO - Đã lưu dữ liệu và kết thúc ứng dụng
2025-06-02 23:49:49,274 - INFO - Khởi động ứng dụng
2025-06-02 23:49:49,275 - INFO - Đã tải dữ liệu thành công
2025-06-02 23:49:51,479 - INFO - Mở cửa sổ thêm sách mới
2025-06-02 23:50:16,864 - INFO - Thêm sách mới thành công: 1
2025-06-02 23:50:28,789 - INFO - Đã lưu dữ liệu và kết thúc ứng dụng
2025-06-02 23:54:59,634 - INFO - Khởi động ứng dụng
2025-06-02 23:54:59,638 - INFO - Đã tải dữ liệu thành công
2025-06-02 23:55:07,897 - INFO - Mở cửa sổ thêm sách mới
2025-06-02 23:55:36,188 - INFO - Thêm sách mới thành công: 2
2025-06-02 23:55:55,126 - INFO - Đã lưu dữ liệu và kết thúc ứng dụng
2025-06-02 23:56:59,935 - INFO - Khởi động ứng dụng
2025-06-02 23:56:59,937 - INFO - Đã tải dữ liệu thành công
2025-06-02 23:57:03,931 - INFO - Mở cửa sổ thêm sách mới
2025-06-02 23:57:23,916 - INFO - Thêm sách mới thành công: 3
2025-06-02 23:57:38,079 - INFO - Đã lưu dữ liệu và kết thúc ứng dụng
2025-06-02 23:59:20,612 - INFO - Khởi động ứng dụng
2025-06-02 23:59:20,614 - INFO - Đã tải dữ liệu thành công
2025-06-02 23:59:22,244 - INFO - Mở cửa sổ thêm sách mới
2025-06-02 23:59:34,874 - INFO - Thêm sách mới thành công: 11
2025-06-02 23:59:52,250 - INFO - Đã lưu dữ liệu và kết thúc ứng dụng
