2025-06-06 02:07:46,583 - INFO - Khởi động ứng dụng
2025-06-06 02:07:46,802 - INFO - Đã tải dữ liệu thành công
2025-06-06 02:07:49,820 - INFO - Mở cửa sổ thêm sách mới
2025-06-06 02:08:34,134 - INFO - Thêm sách mới thành công: 10002
2025-06-06 02:27:51,864 - INFO - Đã lưu dữ liệu và kết thúc ứng dụng
2025-06-06 03:17:16,828 - INFO - Khởi động ứng dụng
2025-06-06 03:17:17,047 - INFO - Đã tải dữ liệu thành công
2025-06-06 03:17:57,097 - INFO - Mở cửa sổ danh sách sách quá hạn
2025-06-06 03:18:31,575 - INFO - Mở cửa sổ trả sách
2025-06-06 03:18:37,536 - INFO - Mở cửa sổ trả sách
2025-06-06 03:18:40,501 - INFO - Mở cửa sổ trả sách
2025-06-06 03:19:15,831 - INFO - Mở cửa sổ trả sách
2025-06-06 03:19:45,208 - INFO - Mở cửa sổ trả sách
2025-06-06 03:19:52,340 - INFO - Mở cửa sổ trả sách
2025-06-06 03:25:46,603 - INFO - Mở cửa sổ trả sách
2025-06-06 03:27:40,450 - INFO - Khởi động ứng dụng
2025-06-06 03:27:40,660 - INFO - Đã tải dữ liệu thành công
2025-06-06 03:27:45,992 - INFO - Mở cửa sổ trả sách
2025-06-06 03:33:40,144 - INFO - Mở cửa sổ trả sách
2025-06-06 03:41:51,668 - INFO - Khởi động ứng dụng
2025-06-06 03:41:51,883 - INFO - Đã tải dữ liệu thành công
2025-06-06 03:46:44,053 - INFO - Khởi động ứng dụng
2025-06-06 03:46:44,273 - INFO - Đã tải dữ liệu thành công
2025-06-06 03:47:27,736 - INFO - Khởi động ứng dụng
2025-06-06 03:47:27,952 - INFO - Đã tải dữ liệu thành công
2025-06-06 03:47:47,856 - INFO - Mở cửa sổ xem lịch sử mượn/trả
2025-06-06 03:49:58,400 - INFO - Mở cửa sổ danh sách sách quá hạn
2025-06-06 03:54:19,627 - INFO - Khởi động ứng dụng
2025-06-06 03:54:19,844 - INFO - Đã tải dữ liệu thành công
2025-06-06 03:54:24,231 - INFO - Mở cửa sổ xem lịch sử mượn/trả
2025-06-06 03:54:57,394 - INFO - Mở cửa sổ danh sách sách quá hạn
2025-06-06 03:55:24,947 - INFO - Mở cửa sổ danh sách sách quá hạn
2025-06-06 04:01:12,655 - INFO - Khởi động ứng dụng
2025-06-06 04:01:12,879 - INFO - Đã tải dữ liệu thành công
2025-06-06 04:01:16,495 - INFO - Mở cửa sổ danh sách sách quá hạn
2025-06-06 04:02:29,987 - INFO - Khởi động ứng dụng
2025-06-06 04:02:30,288 - INFO - Đã tải dữ liệu thành công
2025-06-06 04:02:34,543 - INFO - Mở cửa sổ danh sách sách quá hạn
2025-06-06 04:03:00,099 - INFO - Mở cửa sổ xem lịch sử mượn/trả
2025-06-06 04:03:21,653 - INFO - Đã lưu dữ liệu và kết thúc ứng dụng
2025-06-06 04:03:42,950 - INFO - Khởi động ứng dụng
2025-06-06 04:03:43,165 - INFO - Đã tải dữ liệu thành công
2025-06-06 04:06:51,873 - INFO - Mở cửa sổ thêm bạn đọc mới
2025-06-06 04:29:44,742 - INFO - Khởi động ứng dụng
2025-06-06 04:29:44,964 - INFO - Đã tải dữ liệu thành công
2025-06-06 04:37:49,250 - INFO - Khởi động ứng dụng
2025-06-06 04:37:49,469 - INFO - Đã tải dữ liệu thành công
2025-06-06 04:42:17,595 - INFO - Khởi động ứng dụng
2025-06-06 04:42:17,825 - INFO - Đã tải dữ liệu thành công
2025-06-06 04:43:01,374 - INFO - Khởi động ứng dụng
2025-06-06 04:43:01,740 - INFO - Đã tải dữ liệu thành công
2025-06-06 10:55:50,539 - INFO - Khởi động ứng dụng
2025-06-06 10:55:52,912 - INFO - Đã tải dữ liệu thành công
2025-06-06 10:56:47,896 - INFO - Khởi động ứng dụng
2025-06-06 10:56:48,385 - INFO - Đã tải dữ liệu thành công
2025-06-06 10:57:30,991 - INFO - Khởi động ứng dụng
2025-06-06 10:57:31,460 - INFO - Đã tải dữ liệu thành công
2025-06-06 10:57:51,982 - INFO - Khởi động ứng dụng
2025-06-06 10:57:52,467 - INFO - Đã tải dữ liệu thành công
2025-06-06 10:59:28,038 - INFO - Khởi động ứng dụng
2025-06-06 10:59:28,497 - INFO - Đã tải dữ liệu thành công
2025-06-06 10:59:47,957 - INFO - Khởi động ứng dụng
2025-06-06 10:59:48,432 - INFO - Đã tải dữ liệu thành công
2025-06-06 11:01:35,267 - INFO - Khởi động ứng dụng
2025-06-06 11:01:35,511 - INFO - Đã tải dữ liệu thành công
2025-06-06 11:02:03,372 - INFO - Khởi động ứng dụng
2025-06-06 11:02:03,615 - INFO - Đã tải dữ liệu thành công
2025-06-06 11:07:30,769 - INFO - Khởi động ứng dụng
2025-06-06 11:07:30,991 - INFO - Đã tải dữ liệu thành công
2025-06-06 11:07:47,507 - INFO - Khởi động ứng dụng
2025-06-06 11:07:47,758 - INFO - Đã tải dữ liệu thành công
2025-06-06 11:08:14,661 - INFO - Khởi động ứng dụng
2025-06-06 11:08:15,058 - INFO - Đã tải dữ liệu thành công
2025-06-06 11:10:39,794 - INFO - Khởi động ứng dụng
2025-06-06 11:10:40,213 - INFO - Đã tải dữ liệu thành công
2025-06-06 12:23:27,663 - INFO - Khởi động ứng dụng
2025-06-06 12:23:27,944 - INFO - Đã tải dữ liệu thành công
2025-06-06 12:23:37,626 - INFO - Đã lưu dữ liệu và kết thúc ứng dụng
2025-06-06 12:32:04,486 - INFO - Khởi động ứng dụng
2025-06-06 12:32:04,779 - INFO - Đã tải dữ liệu thành công
2025-06-06 12:32:27,343 - INFO - Đã lưu dữ liệu và kết thúc ứng dụng
2025-06-06 16:26:31,795 - INFO - Khởi động ứng dụng
2025-06-06 16:26:32,355 - INFO - Đã tải dữ liệu thành công
2025-06-06 16:26:39,465 - INFO - Đã lưu dữ liệu và kết thúc ứng dụng
2025-06-06 21:47:06,562 - ERROR - Không thể tải logo: image "pyimage2" doesn't exist
2025-06-06 23:19:36,908 - INFO - update_book_list called with default books.
2025-06-06 23:19:36,934 - INFO - update_reader_list called with default readers.
2025-06-06 23:19:45,764 - INFO - search: Found 2 books.
2025-06-06 23:19:45,775 - INFO - update_book_list called with 2 books.
2025-06-06 23:22:49,476 - INFO - update_book_list called with default books.
2025-06-06 23:22:49,477 - INFO - update_book_list: Inserting values for book 123: ('123', 'Giải tích 1', 'lê quang huy', 'Toán', 2, 'Mới', 'NXB Bách Khoa')
2025-06-06 23:22:49,478 - INFO - update_book_list: Inserting values for book B001: ('B001', 'Đắc Nhân Tâm', 'Dale Carnegie', 'Self-help', 5, 'Đã sử dụng', 'NXB Tổng hợp TP.HCM')
2025-06-06 23:22:49,479 - INFO - update_book_list: Inserting values for book B002: ('B002', 'Nhà Giả Kim', 'Paulo Coelho', 'Fiction', 2, 'Mới', 'NXB Văn học')
2025-06-06 23:22:49,558 - INFO - update_reader_list called with default readers.
2025-06-06 23:22:49,559 - INFO - update_reader_list: Inserting values for reader R001: ('R001', 'Nguyễn Văn A', '01/01/1990', 'Nam', 'Hà Nội', '0123456789')
2025-06-06 23:22:49,559 - INFO - update_reader_list: Inserting values for reader R002: ('R002', 'Trần Thị B', '15/05/1990', 'Nữ', 'TP.HCM', '0987654321')
2025-06-06 23:23:03,850 - INFO - search: Found 2 books.
2025-06-06 23:23:03,850 - INFO - update_book_list called with 2 books.
2025-06-06 23:23:03,851 - INFO - update_book_list: Inserting values for book 123: ('123', 'Giải tích 1', 'lê quang huy', 'Toán', 2, 'Mới', 'NXB Bách Khoa')
2025-06-06 23:23:03,851 - INFO - update_book_list: Inserting values for book B001: ('B001', 'Đắc Nhân Tâm', 'Dale Carnegie', 'Self-help', 5, 'Đã sử dụng', 'NXB Tổng hợp TP.HCM')
2025-06-06 23:26:12,283 - INFO - update_book_list called with default books.
2025-06-06 23:26:12,284 - INFO - update_book_list: Inserting values for book 123: ('123', 'Giải tích 1', 'lê quang huy', 'Toán', 2, 'Mới', 'NXB Bách Khoa')
2025-06-06 23:26:12,284 - INFO - update_book_list: Inserting values for book B001: ('B001', 'Đắc Nhân Tâm', 'Dale Carnegie', 'Self-help', 5, 'Đã sử dụng', 'NXB Tổng hợp TP.HCM')
2025-06-06 23:26:12,285 - INFO - update_book_list: Inserting values for book B002: ('B002', 'Nhà Giả Kim', 'Paulo Coelho', 'Fiction', 2, 'Mới', 'NXB Văn học')
2025-06-06 23:26:12,367 - INFO - update_reader_list called with default readers.
2025-06-06 23:26:12,368 - INFO - update_reader_list: Inserting values for reader R001: ('R001', 'Nguyễn Văn A', '01/01/1990', 'Nam', 'Hà Nội', '0123456789')
2025-06-06 23:26:12,369 - INFO - update_reader_list: Inserting values for reader R002: ('R002', 'Trần Thị B', '15/05/1990', 'Nữ', 'TP.HCM', '0987654321')
2025-06-06 23:26:18,225 - INFO - search: Found 2 books.
2025-06-06 23:26:18,225 - INFO - update_book_list called with 2 books.
2025-06-06 23:26:18,226 - INFO - update_book_list: Inserting values for book 123: ('123', 'Giải tích 1', 'lê quang huy', 'Toán', 2, 'Mới', 'NXB Bách Khoa')
2025-06-06 23:26:18,226 - INFO - update_book_list: Inserting values for book B001: ('B001', 'Đắc Nhân Tâm', 'Dale Carnegie', 'Self-help', 5, 'Đã sử dụng', 'NXB Tổng hợp TP.HCM')
2025-06-06 23:33:48,426 - INFO - update_book_list called with default books.
2025-06-06 23:33:48,427 - INFO - update_book_list: Inserting values for book 123: ('123', 'Giải tích 1', 'lê quang huy', 'Toán', 2, 'Mới', 'NXB Bách Khoa')
2025-06-06 23:33:48,427 - INFO - update_book_list: Inserting values for book B001: ('B001', 'Đắc Nhân Tâm', 'Dale Carnegie', 'Self-help', 5, 'Đã sử dụng', 'NXB Tổng hợp TP.HCM')
2025-06-06 23:33:48,432 - INFO - update_book_list: Inserting values for book B002: ('B002', 'Nhà Giả Kim', 'Paulo Coelho', 'Fiction', 2, 'Mới', 'NXB Văn học')
2025-06-06 23:33:48,516 - INFO - update_reader_list called with default readers.
2025-06-06 23:33:48,517 - INFO - update_reader_list: Inserting values for reader R001: ('R001', 'Nguyễn Văn A', '01/01/1990', 'Nam', 'Hà Nội', '0123456789')
2025-06-06 23:33:48,518 - INFO - update_reader_list: Inserting values for reader R002: ('R002', 'Trần Thị B', '15/05/1990', 'Nữ', 'TP.HCM', '0987654321')
2025-06-06 23:34:00,393 - INFO - search: Found 2 books.
2025-06-06 23:35:29,092 - INFO - update_book_list called with default books.
2025-06-06 23:35:29,092 - INFO - update_book_list: Inserting values for book 123: ('123', 'Giải tích 1', 'lê quang huy', 'Toán', 2, 'Mới', 'NXB Bách Khoa')
2025-06-06 23:35:29,093 - INFO - update_book_list: Inserting values for book B001: ('B001', 'Đắc Nhân Tâm', 'Dale Carnegie', 'Self-help', 5, 'Đã sử dụng', 'NXB Tổng hợp TP.HCM')
2025-06-06 23:35:29,093 - INFO - update_book_list: Inserting values for book B002: ('B002', 'Nhà Giả Kim', 'Paulo Coelho', 'Fiction', 2, 'Mới', 'NXB Văn học')
2025-06-06 23:35:29,177 - INFO - update_reader_list called with default readers.
2025-06-06 23:35:29,178 - INFO - update_reader_list: Inserting values for reader R001: ('R001', 'Nguyễn Văn A', '01/01/1990', 'Nam', 'Hà Nội', '0123456789')
2025-06-06 23:35:29,178 - INFO - update_reader_list: Inserting values for reader R002: ('R002', 'Trần Thị B', '15/05/1990', 'Nữ', 'TP.HCM', '0987654321')
2025-06-06 23:35:46,465 - INFO - apply_filters: Filtered and sorted 0 books.
2025-06-06 23:35:46,465 - INFO - update_book_list called with 0 books.
2025-06-06 23:35:50,439 - INFO - apply_filters: Filtered and sorted 0 books.
2025-06-06 23:35:50,440 - INFO - update_book_list called with 0 books.
2025-06-06 23:35:57,349 - INFO - apply_filters: Filtered and sorted 1 books.
2025-06-06 23:35:57,350 - INFO - update_book_list called with 1 books.
2025-06-06 23:35:57,350 - INFO - update_book_list: Inserting values for book 123: ('123', 'Giải tích 1', 'lê quang huy', 'Toán', 2, 'Mới', 'NXB Bách Khoa')
2025-06-06 23:57:16,307 - INFO - update_book_list called with default books.
2025-06-06 23:57:16,308 - INFO - update_book_list: Inserting values for book 123: ('123', 'Giải tích 1', 'lê quang huy', 'Toán', 2, 'Mới', 'NXB Bách Khoa')
2025-06-06 23:57:16,308 - INFO - update_book_list: Inserting values for book B001: ('B001', 'Đắc Nhân Tâm', 'Dale Carnegie', 'Self-help', 6, 'Đã sử dụng', 'NXB Tổng hợp TP.HCM')
2025-06-06 23:57:16,309 - INFO - update_book_list: Inserting values for book B002: ('B002', 'Nhà Giả Kim', 'Paulo Coelho', 'Fiction', 2, 'Mới', 'NXB Văn học')
2025-06-06 23:57:16,391 - INFO - update_reader_list called with default readers.
2025-06-06 23:57:16,392 - INFO - update_reader_list: Inserting values for reader R001: ('R001', 'Nguyễn Văn A', '01/01/1990', 'Nam', 'Hà Nội', '0123456789')
2025-06-06 23:57:16,393 - INFO - update_reader_list: Inserting values for reader R002: ('R002', 'Trần Thị B', '15/05/1990', 'Nữ', 'TP.HCM', '0987654321')
2025-06-06 23:57:36,153 - INFO - apply_filters: Filtered and sorted 3 books.
2025-06-06 23:57:36,153 - INFO - apply_filters: Calling update_book_list with 3 books.
2025-06-06 23:57:36,153 - INFO - update_book_list called with 3 books.
2025-06-06 23:57:36,154 - INFO - update_book_list: Inserting values for book 123: ('123', 'Giải tích 1', 'lê quang huy', 'Toán', 2, 'Mới', 'NXB Bách Khoa')
2025-06-06 23:57:36,154 - INFO - update_book_list: Inserting values for book B001: ('B001', 'Đắc Nhân Tâm', 'Dale Carnegie', 'Self-help', 6, 'Đã sử dụng', 'NXB Tổng hợp TP.HCM')
2025-06-06 23:57:36,155 - INFO - update_book_list: Inserting values for book B002: ('B002', 'Nhà Giả Kim', 'Paulo Coelho', 'Fiction', 2, 'Mới', 'NXB Văn học')
2025-06-06 23:57:38,055 - INFO - apply_filters: Filtered and sorted 3 books.
2025-06-06 23:57:38,055 - INFO - apply_filters: Calling update_book_list with 3 books.
2025-06-06 23:57:38,055 - INFO - update_book_list called with 3 books.
2025-06-06 23:57:38,056 - INFO - update_book_list: Inserting values for book 123: ('123', 'Giải tích 1', 'lê quang huy', 'Toán', 2, 'Mới', 'NXB Bách Khoa')
2025-06-06 23:57:38,056 - INFO - update_book_list: Inserting values for book B001: ('B001', 'Đắc Nhân Tâm', 'Dale Carnegie', 'Self-help', 6, 'Đã sử dụng', 'NXB Tổng hợp TP.HCM')
2025-06-06 23:57:38,057 - INFO - update_book_list: Inserting values for book B002: ('B002', 'Nhà Giả Kim', 'Paulo Coelho', 'Fiction', 2, 'Mới', 'NXB Văn học')
2025-06-06 23:57:43,837 - INFO - apply_filters: Filtered and sorted 0 books.
2025-06-06 23:57:43,838 - INFO - apply_filters: Calling update_book_list with 0 books.
2025-06-06 23:57:43,838 - INFO - update_book_list called with 0 books.
2025-06-06 23:57:48,870 - INFO - apply_filters: Filtered and sorted 1 books.
2025-06-06 23:57:48,871 - INFO - apply_filters: Calling update_book_list with 1 books.
2025-06-06 23:57:48,872 - INFO - update_book_list called with 1 books.
2025-06-06 23:57:48,872 - INFO - update_book_list: Inserting values for book 123: ('123', 'Giải tích 1', 'lê quang huy', 'Toán', 2, 'Mới', 'NXB Bách Khoa')
